<?xml version="1.0" encoding="UTF-8"?>
<testng-results ignored="0" total="1" passed="1" failed="0" skipped="0">
  <reporter-output>
  </reporter-output>
  <suite started-at="2019-03-03T07:18:28Z" name="Default suite" finished-at="2019-03-03T07:18:48Z" duration-ms="20057">
    <groups>
    </groups>
    <test started-at="2019-03-03T07:18:28Z" name="Default test" finished-at="2019-03-03T07:18:48Z" duration-ms="20057">
      <class name="WebDriverManagerDemo.WDMDemo.WDM_FF_Testng">
        <test-method is-config="true" signature="setUp()[pri:0, instance:WebDriverManagerDemo.WDMDemo.WDM_FF_Testng@1757cd72]" started-at="2019-03-03T07:18:28Z" name="setUp" finished-at="2019-03-03T07:18:48Z" duration-ms="19443" status="PASS">
          <reporter-output>
          </reporter-output>
        </test-method> <!-- setUp -->
        <test-method signature="driverTest()[pri:0, instance:WebDriverManagerDemo.WDMDemo.WDM_FF_Testng@1757cd72]" started-at="2019-03-03T07:18:48Z" name="driverTest" finished-at="2019-03-03T07:18:48Z" duration-ms="9" status="PASS">
          <reporter-output>
          </reporter-output>
        </test-method> <!-- driverTest -->
        <test-method is-config="true" signature="tearDown()[pri:0, instance:WebDriverManagerDemo.WDMDemo.WDM_FF_Testng@1757cd72]" started-at="2019-03-03T07:18:48Z" name="tearDown" finished-at="2019-03-03T07:18:48Z" duration-ms="587" status="PASS">
          <reporter-output>
          </reporter-output>
        </test-method> <!-- tearDown -->
      </class> <!-- WebDriverManagerDemo.WDMDemo.WDM_FF_Testng -->
    </test> <!-- Default test -->
  </suite> <!-- Default suite -->
</testng-results>
