<?xml version="1.0" encoding="UTF-8"?>
<testng-results ignored="0" total="1" passed="1" failed="0" skipped="0">
  <reporter-output>
  </reporter-output>
  <suite started-at="2019-01-13T10:02:16Z" name="Default suite" finished-at="2019-01-13T10:02:25Z" duration-ms="8318">
    <groups>
    </groups>
    <test started-at="2019-01-13T10:02:16Z" name="Default test" finished-at="2019-01-13T10:02:25Z" duration-ms="8318">
      <class name="WebDriverManagerDemo.WDMDemo.WDMTestng">
        <test-method is-config="true" signature="setUp()[pri:0, instance:WebDriverManagerDemo.WDMDemo.WDMTestng@10aa41f2]" started-at="2019-01-13T10:02:16Z" name="setUp" finished-at="2019-01-13T10:02:25Z" duration-ms="8213" status="PASS">
          <reporter-output>
          </reporter-output>
        </test-method> <!-- setUp -->
        <test-method signature="driverTest()[pri:0, instance:WebDriverManagerDemo.WDMDemo.WDMTestng@10aa41f2]" started-at="2019-01-13T10:02:25Z" name="driverTest" finished-at="2019-01-13T10:02:25Z" duration-ms="5" status="PASS">
          <reporter-output>
          </reporter-output>
        </test-method> <!-- driverTest -->
        <test-method is-config="true" signature="tearDown()[pri:0, instance:WebDriverManagerDemo.WDMDemo.WDMTestng@10aa41f2]" started-at="2019-01-13T10:02:25Z" name="tearDown" finished-at="2019-01-13T10:02:25Z" duration-ms="84" status="PASS">
          <reporter-output>
          </reporter-output>
        </test-method> <!-- tearDown -->
      </class> <!-- WebDriverManagerDemo.WDMDemo.WDMTestng -->
    </test> <!-- Default test -->
  </suite> <!-- Default suite -->
</testng-results>
